<?xml version="1.0" encoding="UTF-8"?>
<!-- Generated by org.testng.reporters.JUnitReportReporter -->
<testsuite hostname="DESKTOP-VF52H9E" failures="0" tests="2" name="p1.Sample" time="0.009" errors="0" timestamp="2022-02-17T10:51:04 GMT" skipped="0">
  <testcase classname="p1.Sample" name="createUser" time="0.008"/>
  <system-out/>
  <testcase classname="p1.Sample" name="login" time="0.001"/>
  <system-out/>
</testsuite> <!-- p1.Sample -->
