<?xml version="1.0" encoding="UTF-8"?>
<!-- Generated by org.testng.reporters.JUnitReportReporter -->
<testsuite hostname="DESKTOP-VF52H9E" failures="0" tests="1" name="Ebay_testing" time="8.139" errors="0" timestamp="2022-02-17T17:38:13 GMT" skipped="0">
  <testcase classname="Ebay_testing" name="smokeTest" time="8.139"/>
  <system-out/>
</testsuite> <!-- Ebay_testing -->
